This is XeTeX, Version 3.141592653-2.6-0.999994 (TeX Live 2022) (preloaded format=xelatex 2023.2.26)  28 FEB 2023 08:55
entering extended mode
 restricted \write18 enabled.
 %&-line parsing enabled.
**bookdown-demo.tex
(./bookdown-demo.tex
LaTeX2e <2022-11-01> patch level 1
L3 programming layer <2023-02-22> (/Users/jmudge/Library/TinyTeX/texmf-dist/tex/latex/base/book.cls
Document Class: book 2022/07/02 v1.4n Standard LaTeX document class
(/Users/jmudge/Library/TinyTeX/texmf-dist/tex/latex/base/bk10.clo
File: bk10.clo 2022/07/02 v1.4n Standard LaTeX file (size option)
)
\c@part=\count181
\c@chapter=\count182
\c@section=\count183
\c@subsection=\count184
\c@subsubsection=\count185
\c@paragraph=\count186
\c@subparagraph=\count187
\c@figure=\count188
\c@table=\count189
\abovecaptionskip=\skip48
\belowcaptionskip=\skip49
\bibindent=\dimen140
) (/Users/jmudge/Library/TinyTeX/texmf-dist/tex/latex/amsmath/amsmath.sty
Package: amsmath 2022/04/08 v2.17n AMS math features
\@mathmargin=\skip50
For additional information on amsmath, use the `?' option.
(/Users/jmudge/Library/TinyTeX/texmf-dist/tex/latex/amsmath/amstext.sty
Package: amstext 2021/08/26 v2.01 AMS text
(/Users/jmudge/Library/TinyTeX/texmf-dist/tex/latex/amsmath/amsgen.sty
File: amsgen.sty 1999/11/30 v2.0 generic functions
\@emptytoks=\toks16
\ex@=\dimen141
)) (/Users/jmudge/Library/TinyTeX/texmf-dist/tex/latex/amsmath/amsbsy.sty
Package: amsbsy 1999/11/29 v1.2d Bold Symbols
\pmbraise@=\dimen142
) (/Users/jmudge/Library/TinyTeX/texmf-dist/tex/latex/amsmath/amsopn.sty
Package: amsopn 2022/04/08 v2.04 operator names
)
\inf@bad=\count190
LaTeX Info: Redefining \frac on input line 234.
\uproot@=\count191
\leftroot@=\count192
LaTeX Info: Redefining \overline on input line 399.
LaTeX Info: Redefining \colon on input line 410.
\classnum@=\count193
\DOTSCASE@=\count194
LaTeX Info: Redefining \ldots on input line 496.
LaTeX Info: Redefining \dots on input line 499.
LaTeX Info: Redefining \cdots on input line 620.
\Mathstrutbox@=\box51
\strutbox@=\box52
LaTeX Info: Redefining \big on input line 722.
LaTeX Info: Redefining \Big on input line 723.
LaTeX Info: Redefining \bigg on input line 724.
LaTeX Info: Redefining \Bigg on input line 725.
\big@size=\dimen143
LaTeX Font Info:    Redeclaring font encoding OML on input line 743.
LaTeX Font Info:    Redeclaring font encoding OMS on input line 744.
\macc@depth=\count195
LaTeX Info: Redefining \bmod on input line 905.
LaTeX Info: Redefining \pmod on input line 910.
LaTeX Info: Redefining \smash on input line 940.
LaTeX Info: Redefining \relbar on input line 970.
LaTeX Info: Redefining \Relbar on input line 971.
\c@MaxMatrixCols=\count196
\dotsspace@=\muskip16
\c@parentequation=\count197
\dspbrk@lvl=\count198
\tag@help=\toks17
\row@=\count199
\column@=\count266
\maxfields@=\count267
\andhelp@=\toks18
\eqnshift@=\dimen144
\alignsep@=\dimen145
\tagshift@=\dimen146
\tagwidth@=\dimen147
\totwidth@=\dimen148
\lineht@=\dimen149
\@envbody=\toks19
\multlinegap=\skip51
\multlinetaggap=\skip52
\mathdisplay@stack=\toks20
LaTeX Info: Redefining \[ on input line 2953.
LaTeX Info: Redefining \] on input line 2954.
) (/Users/jmudge/Library/TinyTeX/texmf-dist/tex/latex/amsfonts/amssymb.sty
Package: amssymb 2013/01/14 v3.01 AMS font symbols
(/Users/jmudge/Library/TinyTeX/texmf-dist/tex/latex/amsfonts/amsfonts.sty
Package: amsfonts 2013/01/14 v3.01 Basic AMSFonts support
\symAMSa=\mathgroup4
\symAMSb=\mathgroup5
LaTeX Font Info:    Redeclaring math symbol \hbar on input line 98.
LaTeX Font Info:    Overwriting math alphabet `\mathfrak' in version `bold'
(Font)                  U/euf/m/n --> U/euf/b/n on input line 106.
)) (/Users/jmudge/Library/TinyTeX/texmf-dist/tex/latex/lm/lmodern.sty
Package: lmodern 2015/05/01 v1.6.1 Latin Modern Fonts
LaTeX Font Info:    Overwriting symbol font `operators' in version `normal'
(Font)                  OT1/cmr/m/n --> OT1/lmr/m/n on input line 22.
LaTeX Font Info:    Overwriting symbol font `letters' in version `normal'
(Font)                  OML/cmm/m/it --> OML/lmm/m/it on input line 23.
LaTeX Font Info:    Overwriting symbol font `symbols' in version `normal'
(Font)                  OMS/cmsy/m/n --> OMS/lmsy/m/n on input line 24.
LaTeX Font Info:    Overwriting symbol font `largesymbols' in version `normal'
(Font)                  OMX/cmex/m/n --> OMX/lmex/m/n on input line 25.
LaTeX Font Info:    Overwriting symbol font `operators' in version `bold'
(Font)                  OT1/cmr/bx/n --> OT1/lmr/bx/n on input line 26.
LaTeX Font Info:    Overwriting symbol font `letters' in version `bold'
(Font)                  OML/cmm/b/it --> OML/lmm/b/it on input line 27.
LaTeX Font Info:    Overwriting symbol font `symbols' in version `bold'
(Font)                  OMS/cmsy/b/n --> OMS/lmsy/b/n on input line 28.
LaTeX Font Info:    Overwriting symbol font `largesymbols' in version `bold'
(Font)                  OMX/cmex/m/n --> OMX/lmex/m/n on input line 29.
LaTeX Font Info:    Overwriting math alphabet `\mathbf' in version `normal'
(Font)                  OT1/cmr/bx/n --> OT1/lmr/bx/n on input line 31.
LaTeX Font Info:    Overwriting math alphabet `\mathsf' in version `normal'
(Font)                  OT1/cmss/m/n --> OT1/lmss/m/n on input line 32.
LaTeX Font Info:    Overwriting math alphabet `\mathit' in version `normal'
(Font)                  OT1/cmr/m/it --> OT1/lmr/m/it on input line 33.
LaTeX Font Info:    Overwriting math alphabet `\mathtt' in version `normal'
(Font)                  OT1/cmtt/m/n --> OT1/lmtt/m/n on input line 34.
LaTeX Font Info:    Overwriting math alphabet `\mathbf' in version `bold'
(Font)                  OT1/cmr/bx/n --> OT1/lmr/bx/n on input line 35.
LaTeX Font Info:    Overwriting math alphabet `\mathsf' in version `bold'
(Font)                  OT1/cmss/bx/n --> OT1/lmss/bx/n on input line 36.
LaTeX Font Info:    Overwriting math alphabet `\mathit' in version `bold'
(Font)                  OT1/cmr/bx/it --> OT1/lmr/bx/it on input line 37.
LaTeX Font Info:    Overwriting math alphabet `\mathtt' in version `bold'
(Font)                  OT1/cmtt/m/n --> OT1/lmtt/m/n on input line 38.
) (/Users/jmudge/Library/TinyTeX/texmf-dist/tex/generic/iftex/iftex.sty
Package: iftex 2022/02/03 v1.0f TeX engine tests
) (/Users/jmudge/Library/TinyTeX/texmf-dist/tex/latex/unicode-math/unicode-math.sty (/Users/jmudge/Library/TinyTeX/texmf-dist/tex/latex/l3kernel/expl3.sty
Package: expl3 2023-02-22 L3 programming layer (loader) 
(/Users/jmudge/Library/TinyTeX/texmf-dist/tex/latex/l3backend/l3backend-xetex.def
File: l3backend-xetex.def 2023-01-16 L3 backend support: XeTeX
\g__graphics_track_int=\count268
\l__pdf_internal_box=\box53
\g__pdf_backend_object_int=\count269
\g__pdf_backend_annotation_int=\count270
\g__pdf_backend_link_int=\count271
))
Package: unicode-math 2020/01/31 v0.8q Unicode maths in XeLaTeX and LuaLaTeX
(/Users/jmudge/Library/TinyTeX/texmf-dist/tex/latex/unicode-math/unicode-math-xetex.sty
Package: unicode-math-xetex 2020/01/31 v0.8q Unicode maths in XeLaTeX and LuaLaTeX
(/Users/jmudge/Library/TinyTeX/texmf-dist/tex/latex/l3packages/xparse/xparse.sty
Package: xparse 2023-02-02 L3 Experimental document command parser
) (/Users/jmudge/Library/TinyTeX/texmf-dist/tex/latex/l3packages/l3keys2e/l3keys2e.sty
Package: l3keys2e 2023-02-02 LaTeX2e option processing using LaTeX3 keys
) (/Users/jmudge/Library/TinyTeX/texmf-dist/tex/latex/fontspec/fontspec.sty
Package: fontspec 2022/01/15 v2.8a Font selection for XeLaTeX and LuaLaTeX
(/Users/jmudge/Library/TinyTeX/texmf-dist/tex/latex/fontspec/fontspec-xetex.sty
Package: fontspec-xetex 2022/01/15 v2.8a Font selection for XeLaTeX and LuaLaTeX
\l__fontspec_script_int=\count272
\l__fontspec_language_int=\count273
\l__fontspec_strnum_int=\count274
\l__fontspec_tmp_int=\count275
\l__fontspec_tmpa_int=\count276
\l__fontspec_tmpb_int=\count277
\l__fontspec_tmpc_int=\count278
\l__fontspec_em_int=\count279
\l__fontspec_emdef_int=\count280
\l__fontspec_strong_int=\count281
\l__fontspec_strongdef_int=\count282
\l__fontspec_tmpa_dim=\dimen150
\l__fontspec_tmpb_dim=\dimen151
\l__fontspec_tmpc_dim=\dimen152
(/Users/jmudge/Library/TinyTeX/texmf-dist/tex/latex/base/fontenc.sty
Package: fontenc 2021/04/29 v2.0v Standard LaTeX package
) (/Users/jmudge/Library/TinyTeX/texmf-dist/tex/latex/fontspec/fontspec.cfg))) (/Users/jmudge/Library/TinyTeX/texmf-dist/tex/latex/base/fix-cm.sty
Package: fix-cm 2020/11/24 v1.1t fixes to LaTeX
(/Users/jmudge/Library/TinyTeX/texmf-dist/tex/latex/base/ts1enc.def
File: ts1enc.def 2001/06/05 v3.0e (jk/car/fm) Standard LaTeX file
LaTeX Font Info:    Redeclaring font encoding TS1 on input line 47.
))
\g__um_fam_int=\count283
\g__um_fonts_used_int=\count284
\l__um_primecount_int=\count285
\g__um_primekern_muskip=\muskip17
(/Users/jmudge/Library/TinyTeX/texmf-dist/tex/latex/unicode-math/unicode-math-table.tex))) (/Users/jmudge/Library/TinyTeX/texmf-dist/tex/latex/xcolor/xcolor.sty
Package: xcolor 2022/06/12 v2.14 LaTeX color extensions (UK)
(/Users/jmudge/Library/TinyTeX/texmf-dist/tex/latex/graphics-cfg/color.cfg
File: color.cfg 2016/01/02 v1.6 sample color configuration
)
Package xcolor Info: Driver file: xetex.def on input line 227.
(/Users/jmudge/Library/TinyTeX/texmf-dist/tex/latex/graphics-def/xetex.def
File: xetex.def 2022/09/22 v5.0n Graphics/color driver for xetex
) (/Users/jmudge/Library/TinyTeX/texmf-dist/tex/latex/graphics/mathcolor.ltx)
Package xcolor Info: Model `cmy' substituted by `cmy0' on input line 1353.
Package xcolor Info: Model `RGB' extended on input line 1369.
Package xcolor Info: Model `HTML' substituted by `rgb' on input line 1371.
Package xcolor Info: Model `Hsb' substituted by `hsb' on input line 1372.
Package xcolor Info: Model `tHsb' substituted by `hsb' on input line 1373.
Package xcolor Info: Model `HSB' substituted by `hsb' on input line 1374.
Package xcolor Info: Model `Gray' substituted by `gray' on input line 1375.
Package xcolor Info: Model `wave' substituted by `hsb' on input line 1376.
) (/Users/jmudge/Library/TinyTeX/texmf-dist/tex/latex/fancyvrb/fancyvrb.sty
Package: fancyvrb 2023/01/19 4.5a verbatim text (tvz,hv)
(/Users/jmudge/Library/TinyTeX/texmf-dist/tex/latex/graphics/keyval.sty
Package: keyval 2022/05/29 v1.15 key=value parser (DPC)
\KV@toks@=\toks21
)
\FV@CodeLineNo=\count286
\FV@InFile=\read2
\FV@TabBox=\box54
\c@FancyVerbLine=\count287
\FV@StepNumber=\count288
\FV@OutFile=\write3
) (/Users/jmudge/Library/TinyTeX/texmf-dist/tex/latex/framed/framed.sty
Package: framed 2011/10/22 v 0.96: framed or shaded text with page breaks
\OuterFrameSep=\skip53
\fb@frw=\dimen153
\fb@frh=\dimen154
\FrameRule=\dimen155
\FrameSep=\dimen156
) (/Users/jmudge/Library/TinyTeX/texmf-dist/tex/latex/tools/longtable.sty
Package: longtable 2021-09-01 v4.17 Multi-page Table package (DPC)
\LTleft=\skip54
\LTright=\skip55
\LTpre=\skip56
\LTpost=\skip57
\LTchunksize=\count289
\LTcapwidth=\dimen157
\LT@head=\box55
\LT@firsthead=\box56
\LT@foot=\box57
\LT@lastfoot=\box58
\LT@gbox=\box59
\LT@cols=\count290
\LT@rows=\count291
\c@LT@tables=\count292
\c@LT@chunks=\count293
\LT@p@ftn=\toks22
) (/Users/jmudge/Library/TinyTeX/texmf-dist/tex/latex/booktabs/booktabs.sty
Package: booktabs 2020/01/12 v1.61803398 Publication quality tables
\heavyrulewidth=\dimen158
\lightrulewidth=\dimen159
\cmidrulewidth=\dimen160
\belowrulesep=\dimen161
\belowbottomsep=\dimen162
\aboverulesep=\dimen163
\abovetopsep=\dimen164
\cmidrulesep=\dimen165
\cmidrulekern=\dimen166
\defaultaddspace=\dimen167
\@cmidla=\count294
\@cmidlb=\count295
\@aboverulesep=\dimen168
\@belowrulesep=\dimen169
\@thisruleclass=\count296
\@lastruleclass=\count297
\@thisrulewidth=\dimen170
) (/Users/jmudge/Library/TinyTeX/texmf-dist/tex/latex/tools/array.sty
Package: array 2022/09/04 v2.5g Tabular extension package (FMi)
\col@sep=\dimen171
\ar@mcellbox=\box60
\extrarowheight=\dimen172
\NC@list=\toks23
\extratabsurround=\skip58
\backup@length=\skip59
\ar@cellbox=\box61
) (/Users/jmudge/Library/TinyTeX/texmf-dist/tex/latex/tools/calc.sty
Package: calc 2017/05/25 v4.3 Infix arithmetic (KKT,FJ)
\calc@Acount=\count298
\calc@Bcount=\count299
\calc@Adimen=\dimen173
\calc@Bdimen=\dimen174
\calc@Askip=\skip60
\calc@Bskip=\skip61
LaTeX Info: Redefining \setlength on input line 80.
LaTeX Info: Redefining \addtolength on input line 81.
\calc@Ccount=\count300
\calc@Cskip=\skip62
) (/Users/jmudge/Library/TinyTeX/texmf-dist/tex/latex/etoolbox/etoolbox.sty
Package: etoolbox 2020/10/05 v2.5k e-TeX tools for LaTeX (JAW)
\etb@tempcnta=\count301
) (/Users/jmudge/Library/TinyTeX/texmf-dist/tex/latex/mdwtools/footnote.sty
Package: footnote 1997/01/28 1.13 Save footnotes around boxes
\fn@notes=\box62
\fn@width=\dimen175
) (/Users/jmudge/Library/TinyTeX/texmf-dist/tex/latex/graphics/graphicx.sty
Package: graphicx 2021/09/16 v1.2d Enhanced LaTeX Graphics (DPC,SPQR)
(/Users/jmudge/Library/TinyTeX/texmf-dist/tex/latex/graphics/graphics.sty
Package: graphics 2022/03/10 v1.4e Standard LaTeX Graphics (DPC,SPQR)
(/Users/jmudge/Library/TinyTeX/texmf-dist/tex/latex/graphics/trig.sty
Package: trig 2021/08/11 v1.11 sin cos tan (DPC)
) (/Users/jmudge/Library/TinyTeX/texmf-dist/tex/latex/graphics-cfg/graphics.cfg
File: graphics.cfg 2016/06/04 v1.11 sample graphics configuration
)
Package graphics Info: Driver file: xetex.def on input line 107.
)
\Gin@req@height=\dimen176
\Gin@req@width=\dimen177
) (/Users/jmudge/Library/TinyTeX/texmf-dist/tex/latex/amscls/amsthm.sty
Package: amsthm 2020/05/29 v2.20.6
\thm@style=\toks24
\thm@bodyfont=\toks25
\thm@headfont=\toks26
\thm@notefont=\toks27
\thm@headpunct=\toks28
\thm@preskip=\skip63
\thm@postskip=\skip64
\thm@headsep=\skip65
\dth@everypar=\toks29
) (/Users/jmudge/Library/TinyTeX/texmf-dist/tex/latex/natbib/natbib.sty
Package: natbib 2010/09/13 8.31b (PWD, AO)
\bibhang=\skip66
\bibsep=\skip67
LaTeX Info: Redefining \cite on input line 694.
\c@NAT@ctr=\count302
) (/Users/jmudge/Library/TinyTeX/texmf-dist/tex/latex/hyperref/hyperref.sty
Package: hyperref 2023-02-07 v7.00v Hypertext links for LaTeX
(/Users/jmudge/Library/TinyTeX/texmf-dist/tex/generic/ltxcmds/ltxcmds.sty
Package: ltxcmds 2020-05-10 v1.25 LaTeX kernel commands for general use (HO)
) (/Users/jmudge/Library/TinyTeX/texmf-dist/tex/generic/pdftexcmds/pdftexcmds.sty
Package: pdftexcmds 2020-06-27 v0.33 Utility functions of pdfTeX for LuaTeX (HO)
(/Users/jmudge/Library/TinyTeX/texmf-dist/tex/generic/infwarerr/infwarerr.sty
Package: infwarerr 2019/12/03 v1.5 Providing info/warning/error messages (HO)
)
Package pdftexcmds Info: \pdf@primitive is available.
Package pdftexcmds Info: \pdf@ifprimitive is available.
Package pdftexcmds Info: \pdfdraftmode not found.
) (/Users/jmudge/Library/TinyTeX/texmf-dist/tex/latex/kvsetkeys/kvsetkeys.sty
Package: kvsetkeys 2022-10-05 v1.19 Key value parser (HO)
) (/Users/jmudge/Library/TinyTeX/texmf-dist/tex/generic/kvdefinekeys/kvdefinekeys.sty
Package: kvdefinekeys 2019-12-19 v1.6 Define keys (HO)
) (/Users/jmudge/Library/TinyTeX/texmf-dist/tex/generic/pdfescape/pdfescape.sty
Package: pdfescape 2019/12/09 v1.15 Implements pdfTeX's escape features (HO)
) (/Users/jmudge/Library/TinyTeX/texmf-dist/tex/latex/hycolor/hycolor.sty
Package: hycolor 2020-01-27 v1.10 Color options for hyperref/bookmark (HO)
) (/Users/jmudge/Library/TinyTeX/texmf-dist/tex/latex/letltxmacro/letltxmacro.sty
Package: letltxmacro 2019/12/03 v1.6 Let assignment for LaTeX macros (HO)
) (/Users/jmudge/Library/TinyTeX/texmf-dist/tex/latex/auxhook/auxhook.sty
Package: auxhook 2019-12-17 v1.6 Hooks for auxiliary files (HO)
) (/Users/jmudge/Library/TinyTeX/texmf-dist/tex/latex/hyperref/nameref.sty
Package: nameref 2022-05-17 v2.50 Cross-referencing by name of section
(/Users/jmudge/Library/TinyTeX/texmf-dist/tex/latex/refcount/refcount.sty
Package: refcount 2019/12/15 v3.6 Data extraction from label references (HO)
) (/Users/jmudge/Library/TinyTeX/texmf-dist/tex/generic/gettitlestring/gettitlestring.sty
Package: gettitlestring 2019/12/15 v1.6 Cleanup title references (HO)
(/Users/jmudge/Library/TinyTeX/texmf-dist/tex/latex/kvoptions/kvoptions.sty
Package: kvoptions 2022-06-15 v3.15 Key value format for package options (HO)
))
\c@section@level=\count303
)
\@linkdim=\dimen178
\Hy@linkcounter=\count304
\Hy@pagecounter=\count305
(/Users/jmudge/Library/TinyTeX/texmf-dist/tex/latex/hyperref/pd1enc.def
File: pd1enc.def 2023-02-07 v7.00v Hyperref: PDFDocEncoding definition (HO)
) (/Users/jmudge/Library/TinyTeX/texmf-dist/tex/generic/intcalc/intcalc.sty
Package: intcalc 2019/12/15 v1.3 Expandable calculations with integers (HO)
) (/Users/jmudge/Library/TinyTeX/texmf-dist/tex/generic/etexcmds/etexcmds.sty
Package: etexcmds 2019/12/15 v1.7 Avoid name clashes with e-TeX commands (HO)
)
\Hy@SavedSpaceFactor=\count306
(/Users/jmudge/Library/TinyTeX/texmf-dist/tex/latex/hyperref/puenc.def
File: puenc.def 2023-02-07 v7.00v Hyperref: PDF Unicode definition (HO)
)
Package hyperref Info: Option `unicode' set `true' on input line 4060.
Package hyperref Info: Hyper figures OFF on input line 4177.
Package hyperref Info: Link nesting OFF on input line 4182.
Package hyperref Info: Hyper index ON on input line 4185.
Package hyperref Info: Plain pages OFF on input line 4192.
Package hyperref Info: Backreferencing OFF on input line 4197.
Package hyperref Info: Implicit mode ON; LaTeX internals redefined.
Package hyperref Info: Bookmarks ON on input line 4425.
\c@Hy@tempcnt=\count307
(/Users/jmudge/Library/TinyTeX/texmf-dist/tex/latex/url/url.sty
\Urlmuskip=\muskip18
Package: url 2013/09/16  ver 3.4  Verb mode for urls, etc.
)
LaTeX Info: Redefining \url on input line 4763.
\XeTeXLinkMargin=\dimen179
(/Users/jmudge/Library/TinyTeX/texmf-dist/tex/generic/bitset/bitset.sty
Package: bitset 2019/12/09 v1.3 Handle bit-vector datatype (HO)
(/Users/jmudge/Library/TinyTeX/texmf-dist/tex/generic/bigintcalc/bigintcalc.sty
Package: bigintcalc 2019/12/15 v1.5 Expandable calculations on big integers (HO)
))
\Fld@menulength=\count308
\Field@Width=\dimen180
\Fld@charsize=\dimen181
Package hyperref Info: Hyper figures OFF on input line 6042.
Package hyperref Info: Link nesting OFF on input line 6047.
Package hyperref Info: Hyper index ON on input line 6050.
Package hyperref Info: backreferencing OFF on input line 6057.
Package hyperref Info: Link coloring OFF on input line 6062.
Package hyperref Info: Link coloring with OCG OFF on input line 6067.
Package hyperref Info: PDF/A mode OFF on input line 6072.
(/Users/jmudge/Library/TinyTeX/texmf-dist/tex/latex/base/atbegshi-ltx.sty
Package: atbegshi-ltx 2021/01/10 v1.0c Emulation of the original atbegshi
package with kernel methods
)
\Hy@abspage=\count309
\c@Item=\count310
\c@Hfootnote=\count311
)
Package hyperref Info: Driver (autodetected): hxetex.
(/Users/jmudge/Library/TinyTeX/texmf-dist/tex/latex/hyperref/hxetex.def
File: hxetex.def 2023-02-07 v7.00v Hyperref driver for XeTeX
(/Users/jmudge/Library/TinyTeX/texmf-dist/tex/generic/stringenc/stringenc.sty
Package: stringenc 2019/11/29 v1.12 Convert strings between diff. encodings (HO)
)
\pdfm@box=\box63
\c@Hy@AnnotLevel=\count312
\HyField@AnnotCount=\count313
\Fld@listcount=\count314
\c@bookmark@seq@number=\count315
(/Users/jmudge/Library/TinyTeX/texmf-dist/tex/latex/rerunfilecheck/rerunfilecheck.sty
Package: rerunfilecheck 2022-07-10 v1.10 Rerun checks for auxiliary files (HO)
(/Users/jmudge/Library/TinyTeX/texmf-dist/tex/latex/base/atveryend-ltx.sty
Package: atveryend-ltx 2020/08/19 v1.0a Emulation of the original atveryend package
with kernel methods
) (/Users/jmudge/Library/TinyTeX/texmf-dist/tex/generic/uniquecounter/uniquecounter.sty
Package: uniquecounter 2019/12/15 v1.4 Provide unlimited unique counter (HO)
)
Package uniquecounter Info: New unique counter `rerunfilecheck' on input line 285.
)
\Hy@SectionHShift=\skip68
)
No file bookdown-demo.aux.
\openout1 = `bookdown-demo.aux'.

LaTeX Font Info:    Checking defaults for OML/cmm/m/it on input line 128.
LaTeX Font Info:    ... okay on input line 128.
LaTeX Font Info:    Checking defaults for OMS/cmsy/m/n on input line 128.
LaTeX Font Info:    ... okay on input line 128.
LaTeX Font Info:    Checking defaults for OT1/cmr/m/n on input line 128.
LaTeX Font Info:    ... okay on input line 128.
LaTeX Font Info:    Checking defaults for T1/cmr/m/n on input line 128.
LaTeX Font Info:    ... okay on input line 128.
LaTeX Font Info:    Checking defaults for TS1/cmr/m/n on input line 128.
LaTeX Font Info:    ... okay on input line 128.
LaTeX Font Info:    Checking defaults for TU/lmr/m/n on input line 128.
LaTeX Font Info:    ... okay on input line 128.
LaTeX Font Info:    Checking defaults for OMX/cmex/m/n on input line 128.
LaTeX Font Info:    ... okay on input line 128.
LaTeX Font Info:    Checking defaults for U/cmr/m/n on input line 128.
LaTeX Font Info:    ... okay on input line 128.
LaTeX Font Info:    Checking defaults for PD1/pdf/m/n on input line 128.
LaTeX Font Info:    ... okay on input line 128.
LaTeX Font Info:    Checking defaults for PU/pdf/m/n on input line 128.
LaTeX Font Info:    ... okay on input line 128.
LaTeX Font Info:    Overwriting math alphabet `\mathrm' in version `normal'
(Font)                  OT1/lmr/m/n --> TU/lmr/m/n on input line 128.
LaTeX Font Info:    Overwriting math alphabet `\mathit' in version `normal'
(Font)                  OT1/lmr/m/it --> TU/lmr/m/it on input line 128.
LaTeX Font Info:    Overwriting math alphabet `\mathbf' in version `normal'
(Font)                  OT1/lmr/bx/n --> TU/lmr/bx/n on input line 128.
LaTeX Font Info:    Overwriting math alphabet `\mathsf' in version `normal'
(Font)                  OT1/lmss/m/n --> TU/lmss/m/n on input line 128.
LaTeX Font Info:    Overwriting math alphabet `\mathsf' in version `bold'
(Font)                  OT1/lmss/bx/n --> TU/lmss/bx/n on input line 128.
LaTeX Font Info:    Overwriting math alphabet `\mathtt' in version `normal'
(Font)                  OT1/lmtt/m/n --> TU/lmtt/m/n on input line 128.
LaTeX Font Info:    Overwriting math alphabet `\mathtt' in version `bold'
(Font)                  OT1/lmtt/m/n --> TU/lmtt/bx/n on input line 128.

Package fontspec Info: latinmodern-math scale = 0.9999964596882403.


Package fontspec Info: latinmodern-math scale = 0.9999964596882403.


Package fontspec Info: latinmodern-math scale = 0.9999964596882403.


Package fontspec Info: Font family 'latinmodern-math.otf(0)' created for font
(fontspec)             'latinmodern-math.otf' with options
(fontspec)             [Scale=MatchLowercase,BoldItalicFont={},ItalicFont={},SmallCapsFont={},Script=Math,BoldFont={latinmodern-math.otf}].
(fontspec)              
(fontspec)              This font family consists of the following NFSS
(fontspec)             series/shapes:
(fontspec)              
(fontspec)             - 'normal' (m/n) with NFSS spec.:
(fontspec)             <->s*[0.9999964596882403]"[latinmodern-math.otf]/OT:script=math;language=dflt;"
(fontspec)             - 'small caps'  (m/sc) with NFSS spec.: 
(fontspec)             - 'bold' (b/n) with NFSS spec.:
(fontspec)             <->s*[0.9999964596882403]"[latinmodern-math.otf]/OT:script=math;language=dflt;"
(fontspec)             - 'bold small caps'  (b/sc) with NFSS spec.: 

LaTeX Font Info:    Font shape `TU/latinmodern-math.otf(0)/m/n' will be
(Font)              scaled to size 10.0pt on input line 128.

Package fontspec Info: latinmodern-math scale = 0.9999964596882403.


Package fontspec Info: latinmodern-math scale = 0.9999964596882403.


Package fontspec Info: latinmodern-math scale = 0.9999964596882403.


Package fontspec Info: latinmodern-math scale = 0.9999964596882403.


Package fontspec Info: latinmodern-math scale = 0.9999964596882403.


Package fontspec Info: Font family 'latinmodern-math.otf(1)' created for font
(fontspec)             'latinmodern-math.otf' with options
(fontspec)             [Scale=MatchLowercase,BoldItalicFont={},ItalicFont={},SmallCapsFont={},Script=Math,SizeFeatures={{Size=8.5-},{Size=6-8.5,Font=latinmodern-math.otf,Style=MathScript},{Size=-6,Font=latinmodern-math.otf,Style=MathScriptScript}},BoldFont={latinmodern-math.otf}].
(fontspec)              
(fontspec)              This font family consists of the following NFSS
(fontspec)             series/shapes:
(fontspec)              
(fontspec)             - 'normal' (m/n) with NFSS spec.:
(fontspec)             <8.5->s*[0.9999964596882403]"[latinmodern-math.otf]/OT:script=math;language=dflt;"<6-8.5>s*[0.9999964596882403]"[latinmodern-math.otf]/OT:script=math;language=dflt;+ssty=0;"<-6>s*[0.9999964596882403]"[latinmodern-math.otf]/OT:script=math;language=dflt;+ssty=1;"
(fontspec)             - 'small caps'  (m/sc) with NFSS spec.: 
(fontspec)             - 'bold' (b/n) with NFSS spec.:
(fontspec)             <->s*[0.9999964596882403]"[latinmodern-math.otf]/OT:script=math;language=dflt;"
(fontspec)             - 'bold small caps'  (b/sc) with NFSS spec.: 

LaTeX Font Info:    Font shape `TU/latinmodern-math.otf(1)/m/n' will be
(Font)              scaled to size 10.0pt on input line 128.
LaTeX Font Info:    Encoding `OT1' has changed to `TU' for symbol font
(Font)              `operators' in the math version `normal' on input line 128.
LaTeX Font Info:    Overwriting symbol font `operators' in version `normal'
(Font)                  OT1/lmr/m/n --> TU/latinmodern-math.otf(1)/m/n on input line 128.
LaTeX Font Info:    Encoding `OT1' has changed to `TU' for symbol font
(Font)              `operators' in the math version `bold' on input line 128.
LaTeX Font Info:    Overwriting symbol font `operators' in version `bold'
(Font)                  OT1/lmr/bx/n --> TU/latinmodern-math.otf(1)/b/n on input line 128.

Package fontspec Info: latinmodern-math scale = 0.9999964596882403.


Package fontspec Info: latinmodern-math scale = 1.000096459334209.


Package fontspec Info: latinmodern-math scale = 0.9999964596882403.


Package fontspec Info: latinmodern-math scale = 1.000096459334209.


Package fontspec Info: latinmodern-math scale = 0.9999964596882403.


Package fontspec Info: latinmodern-math scale = 1.000096459334209.


Package fontspec Info: latinmodern-math scale = 0.9999964596882403.


Package fontspec Info: latinmodern-math scale = 1.000096459334209.


Package fontspec Info: latinmodern-math scale = 0.9999964596882403.


Package fontspec Info: latinmodern-math scale = 1.000096459334209.


Package fontspec Info: Font family 'latinmodern-math.otf(2)' created for font
(fontspec)             'latinmodern-math.otf' with options
(fontspec)             [Scale=MatchLowercase,BoldItalicFont={},ItalicFont={},SmallCapsFont={},Script=Math,SizeFeatures={{Size=8.5-},{Size=6-8.5,Font=latinmodern-math.otf,Style=MathScript},{Size=-6,Font=latinmodern-math.otf,Style=MathScriptScript}},BoldFont={latinmodern-math.otf},ScaleAgain=1.0001,FontAdjustment={\fontdimen
(fontspec)             8\font =6.77pt\relax \fontdimen 9\font =3.94pt\relax
(fontspec)             \fontdimen 10\font =4.44pt\relax \fontdimen 11\font
(fontspec)             =6.86pt\relax \fontdimen 12\font =3.45pt\relax
(fontspec)             \fontdimen 13\font =3.63pt\relax \fontdimen 14\font
(fontspec)             =3.63pt\relax \fontdimen 15\font =2.89pt\relax
(fontspec)             \fontdimen 16\font =2.47pt\relax \fontdimen 17\font
(fontspec)             =2.47pt\relax \fontdimen 18\font =2.5pt\relax
(fontspec)             \fontdimen 19\font =2.0pt\relax \fontdimen 22\font
(fontspec)             =2.5pt\relax \fontdimen 20\font =0pt\relax \fontdimen
(fontspec)             21\font =0pt\relax }].
(fontspec)              
(fontspec)              This font family consists of the following NFSS
(fontspec)             series/shapes:
(fontspec)              
(fontspec)             - 'normal' (m/n) with NFSS spec.:
(fontspec)             <8.5->s*[1.000096459334209]"[latinmodern-math.otf]/OT:script=math;language=dflt;"<6-8.5>s*[1.000096459334209]"[latinmodern-math.otf]/OT:script=math;language=dflt;+ssty=0;"<-6>s*[1.000096459334209]"[latinmodern-math.otf]/OT:script=math;language=dflt;+ssty=1;"
(fontspec)             - 'small caps'  (m/sc) with NFSS spec.: 
(fontspec)             and font adjustment code:
(fontspec)             \fontdimen 8\font =6.77pt\relax \fontdimen 9\font
(fontspec)             =3.94pt\relax \fontdimen 10\font =4.44pt\relax
(fontspec)             \fontdimen 11\font =6.86pt\relax \fontdimen 12\font
(fontspec)             =3.45pt\relax \fontdimen 13\font =3.63pt\relax
(fontspec)             \fontdimen 14\font =3.63pt\relax \fontdimen 15\font
(fontspec)             =2.89pt\relax \fontdimen 16\font =2.47pt\relax
(fontspec)             \fontdimen 17\font =2.47pt\relax \fontdimen 18\font
(fontspec)             =2.5pt\relax \fontdimen 19\font =2.0pt\relax \fontdimen
(fontspec)             22\font =2.5pt\relax \fontdimen 20\font =0pt\relax
(fontspec)             \fontdimen 21\font =0pt\relax 
(fontspec)             - 'bold' (b/n) with NFSS spec.:
(fontspec)             <->s*[1.000096459334209]"[latinmodern-math.otf]/OT:script=math;language=dflt;"
(fontspec)             - 'bold small caps'  (b/sc) with NFSS spec.: 
(fontspec)             and font adjustment code:
(fontspec)             \fontdimen 8\font =6.77pt\relax \fontdimen 9\font
(fontspec)             =3.94pt\relax \fontdimen 10\font =4.44pt\relax
(fontspec)             \fontdimen 11\font =6.86pt\relax \fontdimen 12\font
(fontspec)             =3.45pt\relax \fontdimen 13\font =3.63pt\relax
(fontspec)             \fontdimen 14\font =3.63pt\relax \fontdimen 15\font
(fontspec)             =2.89pt\relax \fontdimen 16\font =2.47pt\relax
(fontspec)             \fontdimen 17\font =2.47pt\relax \fontdimen 18\font
(fontspec)             =2.5pt\relax \fontdimen 19\font =2.0pt\relax \fontdimen
(fontspec)             22\font =2.5pt\relax \fontdimen 20\font =0pt\relax
(fontspec)             \fontdimen 21\font =0pt\relax 

LaTeX Font Info:    Encoding `OMS' has changed to `TU' for symbol font
(Font)              `symbols' in the math version `normal' on input line 128.
LaTeX Font Info:    Overwriting symbol font `symbols' in version `normal'
(Font)                  OMS/lmsy/m/n --> TU/latinmodern-math.otf(2)/m/n on input line 128.
LaTeX Font Info:    Encoding `OMS' has changed to `TU' for symbol font
(Font)              `symbols' in the math version `bold' on input line 128.
LaTeX Font Info:    Overwriting symbol font `symbols' in version `bold'
(Font)                  OMS/lmsy/b/n --> TU/latinmodern-math.otf(2)/b/n on input line 128.

Package fontspec Info: latinmodern-math scale = 0.9999964596882403.


Package fontspec Info: latinmodern-math scale = 0.9998964600422715.


Package fontspec Info: latinmodern-math scale = 0.9999964596882403.


Package fontspec Info: latinmodern-math scale = 0.9998964600422715.


Package fontspec Info: latinmodern-math scale = 0.9999964596882403.


Package fontspec Info: latinmodern-math scale = 0.9998964600422715.


Package fontspec Info: latinmodern-math scale = 0.9999964596882403.


Package fontspec Info: latinmodern-math scale = 0.9998964600422715.


Package fontspec Info: latinmodern-math scale = 0.9999964596882403.


Package fontspec Info: latinmodern-math scale = 0.9998964600422715.


Package fontspec Info: Font family 'latinmodern-math.otf(3)' created for font
(fontspec)             'latinmodern-math.otf' with options
(fontspec)             [Scale=MatchLowercase,BoldItalicFont={},ItalicFont={},SmallCapsFont={},Script=Math,SizeFeatures={{Size=8.5-},{Size=6-8.5,Font=latinmodern-math.otf,Style=MathScript},{Size=-6,Font=latinmodern-math.otf,Style=MathScriptScript}},BoldFont={latinmodern-math.otf},ScaleAgain=0.9999,FontAdjustment={\fontdimen
(fontspec)             8\font =0.4pt\relax \fontdimen 9\font =2.0pt\relax
(fontspec)             \fontdimen 10\font =1.67pt\relax \fontdimen 11\font
(fontspec)             =1.11pt\relax \fontdimen 12\font =6.0pt\relax
(fontspec)             \fontdimen 13\font =0pt\relax }].
(fontspec)              
(fontspec)              This font family consists of the following NFSS
(fontspec)             series/shapes:
(fontspec)              
(fontspec)             - 'normal' (m/n) with NFSS spec.:
(fontspec)             <8.5->s*[0.9998964600422715]"[latinmodern-math.otf]/OT:script=math;language=dflt;"<6-8.5>s*[0.9998964600422715]"[latinmodern-math.otf]/OT:script=math;language=dflt;+ssty=0;"<-6>s*[0.9998964600422715]"[latinmodern-math.otf]/OT:script=math;language=dflt;+ssty=1;"
(fontspec)             - 'small caps'  (m/sc) with NFSS spec.: 
(fontspec)             and font adjustment code:
(fontspec)             \fontdimen 8\font =0.4pt\relax \fontdimen 9\font
(fontspec)             =2.0pt\relax \fontdimen 10\font =1.67pt\relax
(fontspec)             \fontdimen 11\font =1.11pt\relax \fontdimen 12\font
(fontspec)             =6.0pt\relax \fontdimen 13\font =0pt\relax 
(fontspec)             - 'bold' (b/n) with NFSS spec.:
(fontspec)             <->s*[0.9998964600422715]"[latinmodern-math.otf]/OT:script=math;language=dflt;"
(fontspec)             - 'bold small caps'  (b/sc) with NFSS spec.: 
(fontspec)             and font adjustment code:
(fontspec)             \fontdimen 8\font =0.4pt\relax \fontdimen 9\font
(fontspec)             =2.0pt\relax \fontdimen 10\font =1.67pt\relax
(fontspec)             \fontdimen 11\font =1.11pt\relax \fontdimen 12\font
(fontspec)             =6.0pt\relax \fontdimen 13\font =0pt\relax 

LaTeX Font Info:    Encoding `OMX' has changed to `TU' for symbol font
(Font)              `largesymbols' in the math version `normal' on input line 128.
LaTeX Font Info:    Overwriting symbol font `largesymbols' in version `normal'
(Font)                  OMX/lmex/m/n --> TU/latinmodern-math.otf(3)/m/n on input line 128.
LaTeX Font Info:    Encoding `OMX' has changed to `TU' for symbol font
(Font)              `largesymbols' in the math version `bold' on input line 128.
LaTeX Font Info:    Overwriting symbol font `largesymbols' in version `bold'
(Font)                  OMX/lmex/m/n --> TU/latinmodern-math.otf(3)/b/n on input line 128.
Package hyperref Info: Link coloring OFF on input line 128.
\@outlinefile=\write4
\openout4 = `bookdown-demo.out'.


Package hyperref Warning: Rerun to get /PageLabels entry.

LaTeX Font Info:    Font shape `TU/latinmodern-math.otf(1)/m/n' will be
(Font)              scaled to size 12.0pt on input line 130.
LaTeX Font Info:    Font shape `TU/latinmodern-math.otf(1)/m/n' will be
(Font)              scaled to size 8.0pt on input line 130.
LaTeX Font Info:    Font shape `TU/latinmodern-math.otf(1)/m/n' will be
(Font)              scaled to size 6.0pt on input line 130.
LaTeX Font Info:    Trying to load font information for OML+lmm on input line 130.
(/Users/jmudge/Library/TinyTeX/texmf-dist/tex/latex/lm/omllmm.fd
File: omllmm.fd 2015/05/01 v1.6.1 Font defs for Latin Modern
)
LaTeX Font Info:    Font shape `TU/latinmodern-math.otf(2)/m/n' will be
(Font)              scaled to size 12.0011pt on input line 130.
LaTeX Font Info:    Font shape `TU/latinmodern-math.otf(2)/m/n' will be
(Font)              scaled to size 8.00073pt on input line 130.
LaTeX Font Info:    Font shape `TU/latinmodern-math.otf(2)/m/n' will be
(Font)              scaled to size 6.00055pt on input line 130.
LaTeX Font Info:    Font shape `TU/latinmodern-math.otf(3)/m/n' will be
(Font)              scaled to size 11.99872pt on input line 130.
LaTeX Font Info:    Font shape `TU/latinmodern-math.otf(3)/m/n' will be
(Font)              scaled to size 7.99915pt on input line 130.
LaTeX Font Info:    Font shape `TU/latinmodern-math.otf(3)/m/n' will be
(Font)              scaled to size 5.99936pt on input line 130.
LaTeX Font Info:    Trying to load font information for U+msa on input line 130.
(/Users/jmudge/Library/TinyTeX/texmf-dist/tex/latex/amsfonts/umsa.fd
File: umsa.fd 2013/01/14 v3.01 AMS symbols A
)
LaTeX Font Info:    Trying to load font information for U+msb on input line 130.
(/Users/jmudge/Library/TinyTeX/texmf-dist/tex/latex/amsfonts/umsb.fd
File: umsb.fd 2013/01/14 v3.01 AMS symbols B
) [1


] [2

]
No file bookdown-demo.toc.
\tf@toc=\write5
\openout5 = `bookdown-demo.toc'.

[3] [4

]
Chapter 1.
File: ./Figures/Pangenome.png Graphic file (type bmp)
<./Figures/Pangenome.png>
LaTeX Font Info:    Font shape `TU/latinmodern-math.otf(1)/m/n' will be
(Font)              scaled to size 7.0pt on input line 141.
LaTeX Font Info:    Font shape `TU/latinmodern-math.otf(1)/m/n' will be
(Font)              scaled to size 5.0pt on input line 141.
LaTeX Font Info:    Font shape `TU/latinmodern-math.otf(2)/m/n' will be
(Font)              scaled to size 10.00092pt on input line 141.
LaTeX Font Info:    Font shape `TU/latinmodern-math.otf(2)/m/n' will be
(Font)              scaled to size 7.00064pt on input line 141.
LaTeX Font Info:    Font shape `TU/latinmodern-math.otf(2)/m/n' will be
(Font)              scaled to size 5.00046pt on input line 141.
LaTeX Font Info:    Font shape `TU/latinmodern-math.otf(3)/m/n' will be
(Font)              scaled to size 9.99893pt on input line 141.
LaTeX Font Info:    Font shape `TU/latinmodern-math.otf(3)/m/n' will be
(Font)              scaled to size 6.99925pt on input line 141.
LaTeX Font Info:    Font shape `TU/latinmodern-math.otf(3)/m/n' will be
(Font)              scaled to size 4.99947pt on input line 141.
File: ./Figures/JoannAlan.png Graphic file (type bmp)
<./Figures/JoannAlan.png>
File: ./Figures/Abstract1.png Graphic file (type bmp)
<./Figures/Abstract1.png>
[5] [6]
File: ./Figures/Abstract2.png Graphic file (type bmp)
<./Figures/Abstract2.png>
File: ./Figures/ClosedvOpen.png Graphic file (type bmp)
<./Figures/ClosedvOpen.png>
File: ./Figures/CostGenome.png Graphic file (type bmp)
<./Figures/CostGenome.png>
File: ./Figures/GenomePubs.png Graphic file (type bmp)
<./Figures/GenomePubs.png>

Underfull \hbox (badness 2384) in paragraph at lines 212--212
[]\TU/lmr/m/n/10 Figure 1.7: []Pangenome Publications: []$[][][][][] [] [] [] [][][] [] [][][][][][] [] [][][] [] [][][][][][][][] []
 []

[7] [8] [9]
File: ./Figures/Computational.png Graphic file (type bmp)
<./Figures/Computational.png>

Underfull \hbox (badness 1033) in paragraph at lines 280--280
[]\TU/lmr/m/n/10 Figure 1.8: []Computational Pangenomics: []$[][][][][] [] [] [] [][][][][][][][] [] [][][] [] [][][] [] [][][] []
 []

[10]
File: ./Figures/VariationGraphA.png Graphic file (type bmp)
<./Figures/VariationGraphA.png>

Underfull \hbox (badness 1496) in paragraph at lines 328--328
[]\TU/lmr/m/n/10 Figure 1.9: []Pangenome Representations: []$[][][][][] [] [] [] [][][][][][][][] [] [][][] [] [][][] [] [][][] []
 []

File: ./Figures/VariationGraphB.png Graphic file (type bmp)
<./Figures/VariationGraphB.png>
[11]
File: ./Figures/ReadsToVariation.png Graphic file (type bmp)
<./Figures/ReadsToVariation.png>
File: ./Figures/Yeast.png Graphic file (type bmp)
<./Figures/Yeast.png>
[12] [13]
File: ./Figures/YeastB.png Graphic file (type bmp)
<./Figures/YeastB.png>
File: ./Figures/StructuralRearrangements.png Graphic file (type bmp)
<./Figures/StructuralRearrangements.png>
[14] [15] [16

]
Chapter 2.
File: ./Figures/hairballsB.png Graphic file (type bmp)
<./Figures/hairballsB.png>
[17]
File: ./Figures/Bandage.png Graphic file (type bmp)
<./Figures/Bandage.png>

Underfull \hbox (badness 2837) in paragraph at lines 614--615
[]\TU/lmr/m/n/10 More details on making CSV labels: []$[][][][][] [] [] [] [][][][][][] [] [][][] [] [][][][][][] []
 []

[18] [19]
Overfull \hbox (69.75pt too wide) in paragraph at lines 790--790
[]\TU/lmtt/m/n/10 gfatools gfa2bed yprp/example/S288C.SK1.minigraph.gfa > S288C.SK1.minigraph.bed[] 
 []

[20]
Chapter 3.
File: ./Figures/VGref.png Graphic file (type bmp)
<./Figures/VGref.png>
File: ./Figures/VGpipe.png Graphic file (type bmp)
<./Figures/VGpipe.png>
File: ./Figures/GRAF.png Graphic file (type bmp)
<./Figures/GRAF.png>
[21

] [22] [23] [24]
Overfull \hbox (195.75pt too wide) in paragraph at lines 1051--1051
[]\TU/lmtt/m/n/10 vg construct -r yprp/assemblies/S288C.genome.fa -v yprp/variants/S288C.vcf -S -a -f -p -t 20 > S288C.vg[] 
 []

[25] [26]
Overfull \hbox (85.5pt too wide) in paragraph at lines 1270--1270
[]\TU/lmtt/m/n/10 vg map -d S288C -f yprp/reads/SK1.illumina.fastq.gz -t 20 > S288C.SK1.illumina.gam[] 
 []

[27]
Underfull \hbox (badness 8056) in paragraph at lines 1327--1327
[]\TU/lmr/bx/n/14.4 Bringing Alignments Back to Single
 []


Overfull \hbox (69.75pt too wide) in paragraph at lines 1333--1333
[]\TU/lmtt/m/n/10 vg surject -x S288C.xg -b S288C.SK1.illumina.gam -t 20 > S288C.SK1.illumina.BAM[] 
 []

[28]
Overfull \hbox (69.75pt too wide) in paragraph at lines 1400--1400
[]\TU/lmtt/m/n/10 samtools view -h -o S288C.SK1.illumina.sorted.sam S288C.SK1.illumina.sorted.bam[] 
 []


Overfull \hbox (106.5pt too wide) in paragraph at lines 1412--1412
[]\TU/lmtt/m/n/10 sed 's/S288C.//' S288C.SK1.illumina.sorted.sam > S288C.SK1.illumina.sorted.renamed.sam[] 
 []


Overfull \hbox (153.75pt too wide) in paragraph at lines 1424--1424
[]\TU/lmtt/m/n/10 samtools view -bS S288C.SK1.illumina.sorted.renamed.sam > S288C.SK1.illumina.sorted.renamed.bam[] 
 []


Overfull \hbox (17.25pt too wide) in paragraph at lines 1438--1438
[]\TU/lmtt/m/n/10 samtools sort -o S288C.SK1.illumina.sorted.bam S288C.SK1.illumina.bam[] 
 []


Overfull \hbox (117.0pt too wide) in paragraph at lines 1474--1474
[]\TU/lmtt/m/n/10 vg pack -x S288C.xg -g S288C.SK1.illumina.gam -Q 5 -s 5 -o S288C.SK1.illumina.pack -t 20[] 
 []

[29]
Overfull \hbox (106.5pt too wide) in paragraph at lines 1516--1516
[]\TU/lmtt/m/n/10 vg call S288C.xg -k S288C.SK1.illumina.pack -t 20 > S288C.SK1.illumina.graph_calls.vcf[] 
 []


Overfull \hbox (211.5pt too wide) in paragraph at lines 1525--1525
[]\TU/lmtt/m/n/10 vg augment S288C.vg S288C.SK1.illumina.gam -A S288C.SK1.illumina.aug.gam -t 20 > S288C.SK1.illumina.aug.vg[] 
 []


Overfull \hbox (17.25pt too wide) in paragraph at lines 1537--1537
[]\TU/lmtt/m/n/10 vg index -x S288C.SK1.illumina.aug.xg S288C.SK1.illumina.aug.vg -t 20[] 
 []


Overfull \hbox (248.25pt too wide) in paragraph at lines 1543--1543
[]\TU/lmtt/m/n/10 vg pack -x S288C.SK1.illumina.aug.xg -g S288C.SK1.illumina.aug.gam -Q 5 -s 5 -o S288C.SK1.illumina.aug.pack -t 20[] 
 []


Overfull \hbox (206.25pt too wide) in paragraph at lines 1549--1549
[]\TU/lmtt/m/n/10 vg call S288C.SK1.illumina.aug.xg -k S288C.SK1.illumina.aug.pack -t 20 > S288C.SK1.illumina.aug_calls.vcf[] 
 []

[30]
LaTeX Font Info:    Font shape `TU/lmtt/bx/n' in size <10> not available
(Font)              Font shape `TU/lmtt/b/n' tried instead on input line 1572.
[31] [32]
Chapter 4.
File: ./Figures/Minigraph.png Graphic file (type bmp)
<./Figures/Minigraph.png>
[33

] [34]
Underfull \hbox (badness 10000) in paragraph at lines 1769--1771

 []


Underfull \hbox (badness 10000) in paragraph at lines 1771--1773

 []


Underfull \hbox (badness 10000) in paragraph at lines 1773--1775

 []

File: ./Figures/Yeast.png Graphic file (type bmp)
<./Figures/Yeast.png>
[35] [36]

Package longtable Warning: Column widths have changed
(longtable)                in table 4.1 on input line 1855.


Underfull \hbox (badness 2671) in paragraph at lines 1864--1864
[]\TU/lmr/bx/it/14.4 reference \TU/lmr/bx/n/14.4 Graphical Fragment Assembly
 []

File: ./Figures/rGFA1.png Graphic file (type bmp)
<./Figures/rGFA1.png>
File: ./Figures/rGFA2.png Graphic file (type bmp)
<./Figures/rGFA2.png>
[37] [38] [39]
File: ./Figures/Bandage2.png Graphic file (type bmp)
<./Figures/Bandage2.png>
[40] [41]
File: ./Figures/YPRPBandage1.png Graphic file (type bmp)
<./Figures/YPRPBandage1.png>

Underfull \vbox (badness 3884) has occurred while \output is active []

[42]
File: ./Figures/YPRPBandage2.png Graphic file (type bmp)
<./Figures/YPRPBandage2.png>
[43]
File: ./Figures/Inversionsx2.png Graphic file (type bmp)
<./Figures/Inversionsx2.png>
[44] [45] [46] [47]
File: ./Figures/BED.png Graphic file (type bmp)
<./Figures/BED.png>

Underfull \hbox (badness 10000) in paragraph at lines 2560--2562
[][]
 []

[48]
File: ./Figures/Inversions.png Graphic file (type bmp)
<./Figures/Inversions.png>
File: ./Figures/StructuralRearrangements.png Graphic file (type bmp)
<./Figures/StructuralRearrangements.png>
[49]
File: ./Figures/Bandage3.png Graphic file (type bmp)
<./Figures/Bandage3.png>
File: ./Figures/Bandage4.png Graphic file (type bmp)
<./Figures/Bandage4.png>
File: ./Figures/StructuralRearrangements.png Graphic file (type bmp)
<./Figures/StructuralRearrangements.png>
File: ./Figures/Bandage5.png Graphic file (type bmp)
<./Figures/Bandage5.png>
[50]
Overfull \hbox (285.33891pt too wide) in paragraph at lines 2707--2709
[]\TU/lmr/m/n/10 Output S288C.chrVIII 213609 233593 >s720 >s722 >s2512>s2052>s2513>s2054>s2514>s2056>s2515>s2058:11410:+:Y12.chrVIII:206778:21819 
 []

[51]
Underfull \hbox (badness 10000) in paragraph at lines 2765--2766
[][]$[][][][][] [] [] [] [][][] [] [][][][][][] [] [][] [] [][][][] [] [][] [] [][] [] [][] [][] [] [][] [][][][][][]$[] \TU/lmr/m/n/10 nce-pan-genome-model-
 []

[52]
Underfull \hbox (badness 10000) in paragraph at lines 2814--2816

 []


Underfull \hbox (badness 10000) in paragraph at lines 2816--2817

 []

File: ./Figures/LPA.png Graphic file (type bmp)
<./Figures/LPA.png>
[53]
File: ./Figures/GRCh38.p13.png Graphic file (type bmp)
<./Figures/GRCh38.p13.png>
[54] [55] [56

]
Chapter 5.
File: ./Figures/Cactus.png Graphic file (type bmp)
<./Figures/Cactus.png>
[57]
File: ./Figures/Yeast.png Graphic file (type bmp)
<./Figures/Yeast.png>
File: ./Figures/InputGenomes.png Graphic file (type bmp)
<./Figures/InputGenomes.png>
[58] [59] [60] [61] [62] [63] [64

]
Chapter 6.
File: ./Figures/InputGenomes.png Graphic file (type bmp)
<./Figures/InputGenomes.png>
[65] [66]
Underfull \hbox (badness 1092) in paragraph at lines 3507--3509
[]\TU/lmr/m/n/10 Create a FASTA file containing all the yprp assemblies. Call it
 []

[67]
Overfull \hbox (12.0pt too wide) in paragraph at lines 3585--3585
[]\TU/lmtt/m/n/10 singularity run /home/pangenomics/singularity_images/pggb_latest.sif[] 
 []


Overfull \hbox (33.0pt too wide) in paragraph at lines 3585--3585
[]    \TU/lmtt/m/n/10 pggb build -i yprp.chrVIII.fa.gz -o output_chrVIII -n 12 -t 20 -p 95[] 
 []

[68]
Overfull \hbox (12.0pt too wide) in paragraph at lines 3670--3670
[]\TU/lmtt/m/n/10 singularity run /home/pangenomics/singularity_images/pggb_latest.sif[] 
 []


Overfull \hbox (90.75pt too wide) in paragraph at lines 3670--3670
[]    \TU/lmtt/m/n/10 partition-before-pggb -i yprp.all.fa.gz -o output_all -n 12 -t 20 -p 95 -s 5000[] 
 []


Overfull \hbox (67.62502pt too wide) in paragraph at lines 3689--3690
[]\TU/lmr/m/n/10 Commands are also written to a log file: \TU/lmtt/m/n/10 output_all/yprp.all.fa.gz.<gibberish>.log 
 []

[69]
Overfull \hbox (3.0239pt too wide) in paragraph at lines 3709--3709
[]\TU/lmr/bx/n/14.4 How do you handle larger graphs? Nextflow 
 []

[70]
Chapter 7.

Underfull \hbox (badness 10000) in paragraph at lines 3814--3815
[][]$[][][][][] [] [] [] [][][][][][][][] [] [][][] [] [][][] [] [][][][][][][][][][][][][][] [] [][][][][][][] [] [][] [] [][] [] [][][][] []
 []

[71

]
File: ./Figures/Fork.png Graphic file (type bmp)
<./Figures/Fork.png>
[72]
Underfull \hbox (badness 10000) in paragraph at lines 3887--3888
[][]$[][][][][] [] [] [] [][][][][][][][] [] [][][] [] [][][] [] [][][][][][][][][][][][][][] [] [][][][][][][] [] [][] [] [][] [] [][][][] []
 []

File: ./Figures/Fig2.png Graphic file (type bmp)
<./Figures/Fig2.png>

Underfull \hbox (badness 10000) in paragraph at lines 3912--3913
[][]$[][][][][] [] [] [] [][][][][][][][] [] [][][] [] [][][] [] [][][][][][][][][][][][][][] [] [][][][][][][] [] [][] [] [][] [] [][][][] []
 []

File: ./Figures/Panache.png Graphic file (type bmp)
<./Figures/Panache.png>
[73] [74]
File: ./Figures/fig-2-full.png Graphic file (type bmp)
<./Figures/fig-2-full.png>
File: ./Figures/Anvio.png Graphic file (type bmp)
<./Figures/Anvio.png>

Overfull \hbox (1.7519pt too wide) in paragraph at lines 3964--3964
[]\TU/lmr/bx/n/14.4 Visualizing Alignment of Microbial Genomes 
 []

File: ./Figures/MicrobialSeqAlign.png Graphic file (type bmp)
<./Figures/MicrobialSeqAlign.png>
File: ./Figures/PanXFig.png Graphic file (type bmp)
<./Figures/PanXFig.png>
File: ./Figures/PanXFig2.png Graphic file (type bmp)
<./Figures/PanXFig2.png>
[75] [76] [77] [78]
Underfull \hbox (badness 10000) in paragraph at lines 4065--4066
[][]$[][][][][] [] [] [] [][][][][][][][] [] [][][] [] [][][] [] [][][][][][][][][][][][][][] [] [][][][][][][] [] [][] [] [][] [] [][][][] []
 []

File: ./Figures/SeqTube.png Graphic file (type bmp)
<./Figures/SeqTube.png>

Underfull \hbox (badness 10000) in paragraph at lines 4096--4097
[][]$[][][][][] [] [] [] [][][][][][][][][][][][][][][][][] [] [][][][][][][][][][][][][] [] [][][] [] [][][][][][][][] [] [][] [] [][][][] []
 []

File: ./Figures/momig1.png Graphic file (type bmp)
<./Figures/momig1.png>
File: ./Figures/momig2.png Graphic file (type bmp)
<./Figures/momig2.png>

Underfull \hbox (badness 10000) in paragraph at lines 4135--4136
[][]$[][][][][] [] [] [] [][][][][][][][][][][][][][][][][] [] [][][][][][][][][][][][][] [] [][][] [] [][][][][][][][] [] [][] [] [][][][] []
 []

[79] [80]
File: ./Figures/PGV.png Graphic file (type bmp)
<./Figures/PGV.png>
File: ./Figures/PGV2.png Graphic file (type bmp)
<./Figures/PGV2.png>

Underfull \hbox (badness 1043) in paragraph at lines 4183--4183
[]\TU/lmr/bx/n/14.4 odgi (optimized dynamic genome/graph
 []


Overfull \hbox (43.74454pt too wide) has occurred while \output is active
\TU/lmr/m/sl/10 7.13.  OTHER GRAPH CONSTRUCTION / MANIPULATION TOOLS / PIPELINES \TU/lmr/m/n/10 81
 []

[81] [82] [83]
Underfull \hbox (badness 3078) in paragraph at lines 4325--4325
[]\TU/lmr/bx/n/14.4 Other Mapping, Variant Calling, and
 []


Underfull \hbox (badness 10000) in paragraph at lines 4354--4355
[][]$[][][][][] [] [] [] [][][][][][][][][][][][][] [] [][][][][][][][][][][][][] [] [][][] [] [][][][][][][][] [] [][] [] [][][][] [] [][][][][][] [][]
 []

[84]
Underfull \hbox (badness 10000) in paragraph at lines 4421--4422
[][]$[][][][][] [] [] [] [][][][][][][][][][][][][] [] [][][][][][][][][][][][][] [] [][][] [] [][][][][][][][] [] [][] [] [][][][] [] [][][][][][] [][]
 []

[85] [86]
Chapter 8.

LaTeX Warning: File `\nobreakspace {}/Desktop/Bookdown/Pangenomics-Bookdown/Figures/GraphSpecific.png' not found on input line 4471.

! Unable to load picture or PDF file '~/Desktop/Bookdown/Pangenomics-Bookdown/Figures/GraphSpecific.png'.
<to be read again> 
                   }
l.4471 ...mics-Bookdown/Figures/GraphSpecific.png}
                                                   
Here is how much of TeX's memory you used:
 17914 strings out of 478683
 333569 string characters out of 5848124
 1858018 words of memory out of 5000000
 37722 multiletter control sequences out of 15000+600000
 518778 words of font info for 90 fonts, out of 8000000 for 9000
 14 hyphenation exceptions out of 8191
 86i,6n,121p,475b,617s stack positions out of 10000i,1000n,20000p,200000b,200000s

Output written on bookdown-demo.pdf (86 pages).
